<?xml version="1.0" encoding="UTF-8"?>
<!-- Generated by org.testng.reporters.JUnitReportReporter -->
<testsuite hostname="DESKTOP-KLEG3M2" failures="0" tests="1" name="signup.SignupTests" time="7.948" errors="0" timestamp="2022-10-24T18:23:36 EET" skipped="0">
  <testcase classname="signup.SignupTests" name="userCreatedSuccessfully_when_allRequiredFieldsField_and_clickContinueButton" time="7.948"/>
  <system-out/>
</testsuite> <!-- signup.SignupTests -->
